<?xml version="1.0" encoding="UTF-8"?>
<testsuite xmlns:xsi="http://www.w3.org/2001/XMLSchema-instance" xsi:noNamespaceSchemaLocation="https://maven.apache.org/surefire/maven-surefire-plugin/xsd/surefire-test-report.xsd" name="de.htwsaar.pong.zuse.AppTest" time="0.041" tests="1" errors="0" skipped="0" failures="0">
  <properties>
    <property name="java.specification.version" value="16"/>
    <property name="sun.cpu.isalist" value="amd64"/>
    <property name="sun.jnu.encoding" value="Cp1252"/>
    <property name="java.class.path" value="C:\Users\Marcel Hesselbach\IdeaProjects\Pong\target\test-classes;C:\Users\Marcel Hesselbach\IdeaProjects\Pong\target\classes;C:\Users\Marcel Hesselbach\.m2\repository\junit\junit\4.11\junit-4.11.jar;C:\Users\Marcel Hesselbach\.m2\repository\org\hamcrest\hamcrest-core\1.3\hamcrest-core-1.3.jar;C:\Users\Marcel Hesselbach\.m2\repository\org\openjfx\javafx-graphics\16\javafx-graphics-16.jar;C:\Users\Marcel Hesselbach\.m2\repository\org\openjfx\javafx-graphics\16\javafx-graphics-16-win.jar;C:\Users\Marcel Hesselbach\.m2\repository\org\openjfx\javafx-base\16\javafx-base-16.jar;C:\Users\Marcel Hesselbach\.m2\repository\org\openjfx\javafx-base\16\javafx-base-16-win.jar;C:\Users\Marcel Hesselbach\.m2\repository\org\openjfx\javafx-controls\16\javafx-controls-16.jar;C:\Users\Marcel Hesselbach\.m2\repository\org\openjfx\javafx-controls\16\javafx-controls-16-win.jar;"/>
    <property name="java.vm.vendor" value="Oracle Corporation"/>
    <property name="sun.arch.data.model" value="64"/>
    <property name="user.variant" value=""/>
    <property name="java.vendor.url" value="https://java.oracle.com/"/>
    <property name="user.timezone" value="Europe/Berlin"/>
    <property name="os.name" value="Windows 10"/>
    <property name="java.vm.specification.version" value="16"/>
    <property name="sun.java.launcher" value="SUN_STANDARD"/>
    <property name="user.country" value="US"/>
    <property name="sun.boot.library.path" value="C:\Users\Marcel Hesselbach\.jdks\openjdk-16.0.1\bin"/>
    <property name="sun.java.command" value="C:\Users\MARCEL~1\AppData\Local\Temp\surefire3712835070794661967\surefirebooter13438808268661991431.jar C:\Users\Marcel Hesselbach\AppData\Local\Temp\surefire3712835070794661967 2021-06-01T16-42-50_144-jvmRun1 surefire17763859148391441318tmp surefire_012429337922385953071tmp"/>
    <property name="jdk.debug" value="release"/>
    <property name="surefire.test.class.path" value="C:\Users\Marcel Hesselbach\IdeaProjects\Pong\target\test-classes;C:\Users\Marcel Hesselbach\IdeaProjects\Pong\target\classes;C:\Users\Marcel Hesselbach\.m2\repository\junit\junit\4.11\junit-4.11.jar;C:\Users\Marcel Hesselbach\.m2\repository\org\hamcrest\hamcrest-core\1.3\hamcrest-core-1.3.jar;C:\Users\Marcel Hesselbach\.m2\repository\org\openjfx\javafx-graphics\16\javafx-graphics-16.jar;C:\Users\Marcel Hesselbach\.m2\repository\org\openjfx\javafx-graphics\16\javafx-graphics-16-win.jar;C:\Users\Marcel Hesselbach\.m2\repository\org\openjfx\javafx-base\16\javafx-base-16.jar;C:\Users\Marcel Hesselbach\.m2\repository\org\openjfx\javafx-base\16\javafx-base-16-win.jar;C:\Users\Marcel Hesselbach\.m2\repository\org\openjfx\javafx-controls\16\javafx-controls-16.jar;C:\Users\Marcel Hesselbach\.m2\repository\org\openjfx\javafx-controls\16\javafx-controls-16-win.jar;"/>
    <property name="sun.cpu.endian" value="little"/>
    <property name="user.home" value="C:\Users\Marcel Hesselbach"/>
    <property name="user.language" value="en"/>
    <property name="java.specification.vendor" value="Oracle Corporation"/>
    <property name="java.version.date" value="2021-04-20"/>
    <property name="java.home" value="C:\Users\Marcel Hesselbach\.jdks\openjdk-16.0.1"/>
    <property name="file.separator" value="\"/>
    <property name="basedir" value="C:\Users\Marcel Hesselbach\IdeaProjects\Pong"/>
    <property name="java.vm.compressedOopsMode" value="Zero based"/>
    <property name="line.separator" value="&#10;"/>
    <property name="java.vm.specification.vendor" value="Oracle Corporation"/>
    <property name="java.specification.name" value="Java Platform API Specification"/>
    <property name="surefire.real.class.path" value="C:\Users\MARCEL~1\AppData\Local\Temp\surefire3712835070794661967\surefirebooter13438808268661991431.jar"/>
    <property name="user.script" value=""/>
    <property name="sun.management.compiler" value="HotSpot 64-Bit Tiered Compilers"/>
    <property name="java.runtime.version" value="16.0.1+9-24"/>
    <property name="user.name" value="Marcel Hesselbach"/>
    <property name="path.separator" value=";"/>
    <property name="os.version" value="10.0"/>
    <property name="java.runtime.name" value="OpenJDK Runtime Environment"/>
    <property name="file.encoding" value="Cp1252"/>
    <property name="java.vm.name" value="OpenJDK 64-Bit Server VM"/>
    <property name="localRepository" value="C:\Users\Marcel Hesselbach\.m2\repository"/>
    <property name="java.vendor.url.bug" value="https://bugreport.java.com/bugreport/"/>
    <property name="java.io.tmpdir" value="C:\Users\MARCEL~1\AppData\Local\Temp\"/>
    <property name="idea.version" value="2021.1.1"/>
    <property name="java.version" value="16.0.1"/>
    <property name="user.dir" value="C:\Users\Marcel Hesselbach\IdeaProjects\Pong"/>
    <property name="os.arch" value="amd64"/>
    <property name="java.vm.specification.name" value="Java Virtual Machine Specification"/>
    <property name="sun.os.patch.level" value=""/>
    <property name="java.library.path" value="C:\Users\Marcel Hesselbach\.jdks\openjdk-16.0.1\bin;C:\WINDOWS\Sun\Java\bin;C:\WINDOWS\system32;C:\WINDOWS;C:\Program Files (x86)\Common Files\Intel\Shared Libraries\redist\intel64_win\compiler;C:\Program Files (x86)\Common Files\Oracle\Java\javapath;C:\Program Files (x86)\Razer Chroma SDK\bin;C:\Program Files\Razer Chroma SDK\bin;C:\Program Files (x86)\Razer\ChromaBroadcast\bin;C:\Program Files\Razer\ChromaBroadcast\bin;C:\WINDOWS\system32;C:\WINDOWS;C:\WINDOWS\System32\Wbem;C:\WINDOWS\System32\WindowsPowerShell\v1.0\;C:\WINDOWS\System32\OpenSSH\;C:\Program Files\NVIDIA Corporation\NVIDIA NvDLISR;C:\Program Files (x86)\NVIDIA Corporation\PhysX\Common;C:\WINDOWS\system32\config\systemprofile\AppData\Local\Microsoft\WindowsApps;C:\Users\Marcel Hesselbach\AppData\Local\Microsoft\WindowsApps;C:\Users\Marcel Hesselbach\AppData\Local\Programs\Microsoft VS Code\bin;C:\WINDOWS\system32;C:\WINDOWS;C:\WINDOWS\System32\Wbem;C:\WINDOWS\System32\WindowsPowerShell\v1.0\;C:\WINDOWS\System32\OpenSSH\;E:\Program Files\PowerShell\7-preview\preview;C:\Program Files (x86)\Microsoft SQL Server\150\DTS\Binn\;E:\Program Files\Git\cmd;E:\Program Files\Power_Shell_Preview\7\;E:\Program Files (x86)\jdk-15.0.2\bin;E:\Program Files\TortoiseSVN\bin;C:\Users\Marcel Hesselbach\AppData\Local\Microsoft\WindowsApps;C:\Users\Marcel Hesselbach\AppData\Local\Programs\Microsoft VS Code\bin;C:\Users\Marcel Hesselbach\AppData\Local\GitHubDesktop\bin;C:\Users\Marcel Hesselbach\AppData\Local\Microsoft\WindowsApps;;E:\Program Files\IntelliJ IDEA Community Edition 2021.1.1\bin;;."/>
    <property name="java.vm.info" value="mixed mode, sharing"/>
    <property name="java.vendor" value="Oracle Corporation"/>
    <property name="java.vm.version" value="16.0.1+9-24"/>
    <property name="sun.io.unicode.encoding" value="UnicodeLittle"/>
    <property name="java.class.version" value="60.0"/>
  </properties>
  <testcase name="shouldAnswerWithTrue" classname="de.htwsaar.pong.zuse.AppTest" time="0.003"/>
</testsuite>